21-03-2020 09:42:44.887 [restartedMain] INFO  com.aroha.pet.PetApplication.logStarting - Starting PetApplication on DESKTOP-1LB2F5E with PID 14104 (D:\eclipse-workspace-aroha7\pet-app-jpa\target\classes started by chetan Belagali in D:\eclipse-workspace-aroha7\pet-app-jpa)
21-03-2020 09:42:44.918 [restartedMain] INFO  com.aroha.pet.PetApplication.logStartupProfileInfo - No active profile set, falling back to default profiles: default
21-03-2020 09:42:45.172 [restartedMain] INFO  o.s.b.d.e.DevToolsPropertyDefaultsPostProcessor.logTo - Devtools property defaults active! Set 'spring.devtools.add-properties' to 'false' to disable
21-03-2020 09:42:45.174 [restartedMain] INFO  o.s.b.d.e.DevToolsPropertyDefaultsPostProcessor.logTo - For additional web related logging consider setting the 'logging.level.web' property to 'DEBUG'
21-03-2020 09:42:49.952 [restartedMain] INFO  o.s.d.r.c.RepositoryConfigurationDelegate.registerRepositoriesIn - Bootstrapping Spring Data repositories in DEFAULT mode.
21-03-2020 09:42:50.276 [restartedMain] INFO  o.s.d.r.c.RepositoryConfigurationDelegate.registerRepositoriesIn - Finished Spring Data repository scanning in 308ms. Found 15 repository interfaces.
21-03-2020 09:42:52.595 [restartedMain] INFO  o.s.c.s.PostProcessorRegistrationDelegate$BeanPostProcessorChecker.postProcessAfterInitialization - Bean 'org.springframework.transaction.annotation.ProxyTransactionManagementConfiguration' of type [org.springframework.transaction.annotation.ProxyTransactionManagementConfiguration$$EnhancerBySpringCGLIB$$33a08499] is not eligible for getting processed by all BeanPostProcessors (for example: not eligible for auto-proxying)
21-03-2020 09:42:52.716 [restartedMain] INFO  o.s.c.s.PostProcessorRegistrationDelegate$BeanPostProcessorChecker.postProcessAfterInitialization - Bean 'org.springframework.security.config.annotation.configuration.ObjectPostProcessorConfiguration' of type [org.springframework.security.config.annotation.configuration.ObjectPostProcessorConfiguration$$EnhancerBySpringCGLIB$$cc4e4cd3] is not eligible for getting processed by all BeanPostProcessors (for example: not eligible for auto-proxying)
21-03-2020 09:42:52.744 [restartedMain] INFO  o.s.c.s.PostProcessorRegistrationDelegate$BeanPostProcessorChecker.postProcessAfterInitialization - Bean 'objectPostProcessor' of type [org.springframework.security.config.annotation.configuration.AutowireBeanFactoryObjectPostProcessor] is not eligible for getting processed by all BeanPostProcessors (for example: not eligible for auto-proxying)
21-03-2020 09:42:52.749 [restartedMain] INFO  o.s.c.s.PostProcessorRegistrationDelegate$BeanPostProcessorChecker.postProcessAfterInitialization - Bean 'org.springframework.security.access.expression.method.DefaultMethodSecurityExpressionHandler@11ee9647' of type [org.springframework.security.access.expression.method.DefaultMethodSecurityExpressionHandler] is not eligible for getting processed by all BeanPostProcessors (for example: not eligible for auto-proxying)
21-03-2020 09:42:52.769 [restartedMain] INFO  o.s.c.s.PostProcessorRegistrationDelegate$BeanPostProcessorChecker.postProcessAfterInitialization - Bean 'org.springframework.security.config.annotation.method.configuration.GlobalMethodSecurityConfiguration' of type [org.springframework.security.config.annotation.method.configuration.GlobalMethodSecurityConfiguration$$EnhancerBySpringCGLIB$$f122ef85] is not eligible for getting processed by all BeanPostProcessors (for example: not eligible for auto-proxying)
21-03-2020 09:42:52.798 [restartedMain] INFO  o.s.c.s.PostProcessorRegistrationDelegate$BeanPostProcessorChecker.postProcessAfterInitialization - Bean 'org.springframework.security.config.annotation.method.configuration.Jsr250MetadataSourceConfiguration' of type [org.springframework.security.config.annotation.method.configuration.Jsr250MetadataSourceConfiguration$$EnhancerBySpringCGLIB$$1678079b] is not eligible for getting processed by all BeanPostProcessors (for example: not eligible for auto-proxying)
21-03-2020 09:42:52.818 [restartedMain] INFO  o.s.c.s.PostProcessorRegistrationDelegate$BeanPostProcessorChecker.postProcessAfterInitialization - Bean 'jsr250MethodSecurityMetadataSource' of type [org.springframework.security.access.annotation.Jsr250MethodSecurityMetadataSource] is not eligible for getting processed by all BeanPostProcessors (for example: not eligible for auto-proxying)
21-03-2020 09:42:52.831 [restartedMain] INFO  o.s.c.s.PostProcessorRegistrationDelegate$BeanPostProcessorChecker.postProcessAfterInitialization - Bean 'methodSecurityMetadataSource' of type [org.springframework.security.access.method.DelegatingMethodSecurityMetadataSource] is not eligible for getting processed by all BeanPostProcessors (for example: not eligible for auto-proxying)
21-03-2020 09:42:52.868 [restartedMain] INFO  o.s.c.s.PostProcessorRegistrationDelegate$BeanPostProcessorChecker.postProcessAfterInitialization - Bean 'org.springframework.hateoas.config.HateoasConfiguration' of type [org.springframework.hateoas.config.HateoasConfiguration$$EnhancerBySpringCGLIB$$b320d1cb] is not eligible for getting processed by all BeanPostProcessors (for example: not eligible for auto-proxying)
21-03-2020 09:42:55.804 [restartedMain] INFO  o.s.b.w.e.tomcat.TomcatWebServer.initialize - Tomcat initialized with port(s): 8080 (http)
21-03-2020 09:42:55.908 [restartedMain] INFO  o.a.catalina.core.StandardService.log - Starting service [Tomcat]
21-03-2020 09:42:55.909 [restartedMain] INFO  o.a.catalina.core.StandardEngine.log - Starting Servlet engine: [Apache Tomcat/9.0.16]
21-03-2020 09:42:55.947 [restartedMain] INFO  o.a.c.core.AprLifecycleListener.log - The APR based Apache Tomcat Native library which allows optimal performance in production environments was not found on the java.library.path: [C:\Program Files\Java\jdk1.8.0_241\bin;C:\Windows\Sun\Java\bin;C:\Windows\system32;C:\Windows;C:/Program Files/Java/jdk1.8.0_241/bin/../jre/bin/server;C:/Program Files/Java/jdk1.8.0_241/bin/../jre/bin;C:/Program Files/Java/jdk1.8.0_241/bin/../jre/lib/amd64;C:\WINDOWS\system32;C:\Program Files (x86)\Common Files\Oracle\Java\javapath;D:\Softwares\apache-maven-3.6.2\bin;C:\TDM-GCC-64\bin;C:\Program Files\Java\jdk1.8.0_241\bin;C:\Users\hp\AppData\Local\Programs\Python\Python38\Scripts\;C:\Users\hp\AppData\Local\Programs\Python\Python38\;C:\Program Files\nodejs;C:\Go\bin;C:\Users\hp\AppData\Roaming\npm\node_modules\@angular\cli;C:\Program Files\Git\cmd;C:\PHP7;C:\Users\hp\AppData\Local\Programs\Python\Python38\Scripts\;C:\Users\hp\AppData\Local\Programs\Python\Python38\;C:\Program Files\nodejs;;C:\Users\hp\AppData\Local\Programs\Microsoft VS Code\bin;C:\Users\hp\go\bin;C:\Users\hp\AppData\Roaming\npm;C:\Users\hp\Desktop;;.]
21-03-2020 09:42:56.389 [restartedMain] INFO  o.a.c.c.C.[Tomcat].[localhost].[/].log - Initializing Spring embedded WebApplicationContext
21-03-2020 09:42:56.390 [restartedMain] INFO  o.s.web.context.ContextLoader.prepareWebApplicationContext - Root WebApplicationContext: initialization completed in 11045 ms
21-03-2020 09:43:01.065 [restartedMain] INFO  com.zaxxer.hikari.HikariDataSource.getConnection - HikariPool-1 - Starting...
21-03-2020 09:43:01.348 [restartedMain] INFO  com.zaxxer.hikari.HikariDataSource.getConnection - HikariPool-1 - Start completed.
21-03-2020 09:43:01.931 [restartedMain] INFO  o.h.jpa.internal.util.LogHelper.logPersistenceUnitInformation - HHH000204: Processing PersistenceUnitInfo [
	name: default
	...]
21-03-2020 09:43:02.530 [restartedMain] INFO  org.hibernate.Version.logVersion - HHH000412: Hibernate Core {5.3.7.Final}
21-03-2020 09:43:02.535 [restartedMain] INFO  org.hibernate.cfg.Environment.<clinit> - HHH000206: hibernate.properties not found
21-03-2020 09:43:03.086 [restartedMain] INFO  o.h.annotations.common.Version.<clinit> - HCANN000001: Hibernate Commons Annotations {5.0.4.Final}
21-03-2020 09:43:03.803 [restartedMain] INFO  org.hibernate.dialect.Dialect.<init> - HHH000400: Using dialect: org.hibernate.dialect.MariaDBDialect
21-03-2020 09:43:07.545 [restartedMain] INFO  o.s.o.j.LocalContainerEntityManagerFactoryBean.buildNativeEntityManagerFactory - Initialized JPA EntityManagerFactory for persistence unit 'default'
21-03-2020 09:43:10.105 [restartedMain] INFO  o.s.b.d.a.OptionalLiveReloadServer.startServer - LiveReload server is running on port 35729
21-03-2020 09:43:11.790 [restartedMain] INFO  o.h.h.i.QueryTranslatorFactoryInitiator.initiateService - HHH000397: Using ASTQueryTranslatorFactory
21-03-2020 09:43:14.551 [restartedMain] WARN  o.s.b.a.o.j.JpaBaseConfiguration$JpaWebConfiguration$JpaWebMvcConfiguration.openEntityManagerInViewInterceptor - spring.jpa.open-in-view is enabled by default. Therefore, database queries may be performed during view rendering. Explicitly configure spring.jpa.open-in-view to disable this warning
21-03-2020 09:43:19.700 [restartedMain] INFO  s.d.s.w.PropertySourcedRequestMappingHandlerMapping.initHandlerMethods - Mapped URL path [/v2/api-docs] onto method [public org.springframework.http.ResponseEntity<springfox.documentation.spring.web.json.Json> springfox.documentation.swagger2.web.Swagger2Controller.getDocumentation(java.lang.String,javax.servlet.http.HttpServletRequest)]
21-03-2020 09:43:20.417 [restartedMain] INFO  o.s.s.web.DefaultSecurityFilterChain.<init> - Creating filter chain: any request, [org.springframework.security.web.context.request.async.WebAsyncManagerIntegrationFilter@2fe0a754, org.springframework.security.web.context.SecurityContextPersistenceFilter@769dcc53, org.springframework.security.web.header.HeaderWriterFilter@5db64289, org.springframework.web.filter.CorsFilter@1e04087d, org.springframework.security.web.authentication.logout.LogoutFilter@73f89406, com.aroha.pet.security.JwtAuthenticationFilter@139f414a, org.springframework.security.web.savedrequest.RequestCacheAwareFilter@32c7f360, org.springframework.security.web.servletapi.SecurityContextHolderAwareRequestFilter@2b87bad7, org.springframework.security.web.authentication.AnonymousAuthenticationFilter@22732412, org.springframework.security.web.session.SessionManagementFilter@37955f85, org.springframework.security.web.access.ExceptionTranslationFilter@526caff7, org.springframework.security.web.access.intercept.FilterSecurityInterceptor@2de26159]
21-03-2020 09:43:21.170 [restartedMain] INFO  o.s.s.c.ThreadPoolTaskExecutor.initialize - Initializing ExecutorService 'applicationTaskExecutor'
21-03-2020 09:43:23.892 [restartedMain] INFO  s.d.s.w.p.DocumentationPluginsBootstrapper.start - Context refreshed
21-03-2020 09:43:23.986 [restartedMain] INFO  s.d.s.w.p.DocumentationPluginsBootstrapper.start - Found 1 custom documentation plugin(s)
21-03-2020 09:43:24.039 [restartedMain] INFO  s.d.s.w.s.ApiListingReferenceScanner.scan - Scanning for api listing references
21-03-2020 09:43:25.640 [restartedMain] INFO  o.s.b.w.e.tomcat.TomcatWebServer.start - Tomcat started on port(s): 8080 (http) with context path ''
21-03-2020 09:43:25.646 [restartedMain] INFO  com.aroha.pet.PetApplication.logStarted - Started PetApplication in 41.786 seconds (JVM running for 43.227)
21-03-2020 09:43:42.417 [http-nio-8080-exec-1] INFO  o.a.c.c.C.[Tomcat].[localhost].[/].log - Initializing Spring DispatcherServlet 'dispatcherServlet'
21-03-2020 09:43:42.418 [http-nio-8080-exec-1] INFO  o.s.web.servlet.DispatcherServlet.initServletBean - Initializing Servlet 'dispatcherServlet'
21-03-2020 09:43:42.456 [http-nio-8080-exec-1] INFO  o.s.web.servlet.DispatcherServlet.initServletBean - Completed initialization in 37 ms
21-03-2020 09:43:43.092 [http-nio-8080-exec-1] DEBUG org.hibernate.SQL.logStatement - 
    select
        user0_.id as id1_13_,
        user0_.created_at as created_2_13_,
        user0_.updated_at as updated_3_13_,
        user0_.address as address4_13_,
        user0_.alt_phone_no as alt_phon5_13_,
        user0_.date_of_join as date_of_6_13_,
        user0_.email as email7_13_,
        user0_.name as name8_13_,
        user0_.password as password9_13_,
        user0_.phone_no as phone_n10_13_,
        user0_.primary_skills as primary11_13_,
        user0_.secondary_skills as seconda12_13_,
        user0_.soe as soe13_13_,
        user0_.soe_ref as soe_ref14_13_ 
    from
        users user0_ 
    where
        user0_.email=?
21-03-2020 09:43:43.189 [http-nio-8080-exec-1] DEBUG org.hibernate.SQL.logStatement - 
    select
        roles0_.user_id as user_id1_12_0_,
        roles0_.role_id as role_id2_12_0_,
        role1_.id as id1_10_1_,
        role1_.name as name2_10_1_ 
    from
        user_roles roles0_ 
    inner join
        roles role1_ 
            on roles0_.role_id=role1_.id 
    where
        roles0_.user_id=?
21-03-2020 09:43:44.077 [http-nio-8080-exec-1] DEBUG org.hibernate.SQL.logStatement - 
    select
        user0_.id as id1_13_,
        user0_.created_at as created_2_13_,
        user0_.updated_at as updated_3_13_,
        user0_.address as address4_13_,
        user0_.alt_phone_no as alt_phon5_13_,
        user0_.date_of_join as date_of_6_13_,
        user0_.email as email7_13_,
        user0_.name as name8_13_,
        user0_.password as password9_13_,
        user0_.phone_no as phone_n10_13_,
        user0_.primary_skills as primary11_13_,
        user0_.secondary_skills as seconda12_13_,
        user0_.soe as soe13_13_,
        user0_.soe_ref as soe_ref14_13_ 
    from
        users user0_ 
    where
        user0_.email=?
21-03-2020 09:43:44.080 [http-nio-8080-exec-1] INFO  c.a.pet.controller.AuthController.authenticateUser - Admin logged in successfully
21-03-2020 09:44:14.714 [http-nio-8080-exec-3] DEBUG org.hibernate.SQL.logStatement - 
    select
        user0_.id as id1_13_0_,
        user0_.created_at as created_2_13_0_,
        user0_.updated_at as updated_3_13_0_,
        user0_.address as address4_13_0_,
        user0_.alt_phone_no as alt_phon5_13_0_,
        user0_.date_of_join as date_of_6_13_0_,
        user0_.email as email7_13_0_,
        user0_.name as name8_13_0_,
        user0_.password as password9_13_0_,
        user0_.phone_no as phone_n10_13_0_,
        user0_.primary_skills as primary11_13_0_,
        user0_.secondary_skills as seconda12_13_0_,
        user0_.soe as soe13_13_0_,
        user0_.soe_ref as soe_ref14_13_0_ 
    from
        users user0_ 
    where
        user0_.id=?
21-03-2020 09:44:14.719 [http-nio-8080-exec-3] DEBUG org.hibernate.SQL.logStatement - 
    select
        roles0_.user_id as user_id1_12_0_,
        roles0_.role_id as role_id2_12_0_,
        role1_.id as id1_10_1_,
        role1_.name as name2_10_1_ 
    from
        user_roles roles0_ 
    inner join
        roles role1_ 
            on roles0_.role_id=role1_.id 
    where
        roles0_.user_id=?
21-03-2020 09:44:15.255 [http-nio-8080-exec-3] DEBUG org.hibernate.SQL.logStatement - 
    insert 
    into
        cpojo
        (created_at, created_by, cstr, exceptionstr, question_id, resultstr, scenario) 
    values
        (?, ?, ?, ?, ?, ?, ?)
21-03-2020 09:44:28.713 [http-nio-8080-exec-4] DEBUG org.hibernate.SQL.logStatement - 
    select
        user0_.id as id1_13_0_,
        user0_.created_at as created_2_13_0_,
        user0_.updated_at as updated_3_13_0_,
        user0_.address as address4_13_0_,
        user0_.alt_phone_no as alt_phon5_13_0_,
        user0_.date_of_join as date_of_6_13_0_,
        user0_.email as email7_13_0_,
        user0_.name as name8_13_0_,
        user0_.password as password9_13_0_,
        user0_.phone_no as phone_n10_13_0_,
        user0_.primary_skills as primary11_13_0_,
        user0_.secondary_skills as seconda12_13_0_,
        user0_.soe as soe13_13_0_,
        user0_.soe_ref as soe_ref14_13_0_ 
    from
        users user0_ 
    where
        user0_.id=?
21-03-2020 09:44:28.717 [http-nio-8080-exec-4] DEBUG org.hibernate.SQL.logStatement - 
    select
        roles0_.user_id as user_id1_12_0_,
        roles0_.role_id as role_id2_12_0_,
        role1_.id as id1_10_1_,
        role1_.name as name2_10_1_ 
    from
        user_roles roles0_ 
    inner join
        roles role1_ 
            on roles0_.role_id=role1_.id 
    where
        roles0_.user_id=?
21-03-2020 09:44:28.878 [http-nio-8080-exec-4] DEBUG org.hibernate.SQL.logStatement - 
    insert 
    into
        cpojo
        (created_at, created_by, cstr, exceptionstr, question_id, resultstr, scenario) 
    values
        (?, ?, ?, ?, ?, ?, ?)
21-03-2020 09:44:40.175 [http-nio-8080-exec-10] DEBUG org.hibernate.SQL.logStatement - 
    select
        user0_.id as id1_13_0_,
        user0_.created_at as created_2_13_0_,
        user0_.updated_at as updated_3_13_0_,
        user0_.address as address4_13_0_,
        user0_.alt_phone_no as alt_phon5_13_0_,
        user0_.date_of_join as date_of_6_13_0_,
        user0_.email as email7_13_0_,
        user0_.name as name8_13_0_,
        user0_.password as password9_13_0_,
        user0_.phone_no as phone_n10_13_0_,
        user0_.primary_skills as primary11_13_0_,
        user0_.secondary_skills as seconda12_13_0_,
        user0_.soe as soe13_13_0_,
        user0_.soe_ref as soe_ref14_13_0_ 
    from
        users user0_ 
    where
        user0_.id=?
21-03-2020 09:44:40.180 [http-nio-8080-exec-10] DEBUG org.hibernate.SQL.logStatement - 
    select
        roles0_.user_id as user_id1_12_0_,
        roles0_.role_id as role_id2_12_0_,
        role1_.id as id1_10_1_,
        role1_.name as name2_10_1_ 
    from
        user_roles roles0_ 
    inner join
        roles role1_ 
            on roles0_.role_id=role1_.id 
    where
        roles0_.user_id=?
21-03-2020 09:44:44.954 [http-nio-8080-exec-10] DEBUG org.hibernate.SQL.logStatement - 
    insert 
    into
        cpojo
        (created_at, created_by, cstr, exceptionstr, question_id, resultstr, scenario) 
    values
        (?, ?, ?, ?, ?, ?, ?)
21-03-2020 09:45:01.493 [Thread-5] INFO  o.s.s.c.ThreadPoolTaskExecutor.shutdown - Shutting down ExecutorService 'applicationTaskExecutor'
21-03-2020 09:45:01.515 [Thread-5] INFO  o.s.o.j.LocalContainerEntityManagerFactoryBean.destroy - Closing JPA EntityManagerFactory for persistence unit 'default'
21-03-2020 09:45:01.520 [Thread-5] INFO  com.zaxxer.hikari.HikariDataSource.close - HikariPool-1 - Shutdown initiated...
21-03-2020 09:45:01.560 [Thread-5] INFO  com.zaxxer.hikari.HikariDataSource.close - HikariPool-1 - Shutdown completed.
21-03-2020 04:15:02.273 [restartedMain] INFO  com.aroha.pet.PetApplication.logStarting - Starting PetApplication on DESKTOP-1LB2F5E with PID 14104 (D:\eclipse-workspace-aroha7\pet-app-jpa\target\classes started by chetan Belagali in D:\eclipse-workspace-aroha7\pet-app-jpa)
21-03-2020 04:15:02.274 [restartedMain] INFO  com.aroha.pet.PetApplication.logStartupProfileInfo - No active profile set, falling back to default profiles: default
21-03-2020 04:15:03.612 [restartedMain] INFO  o.s.d.r.c.RepositoryConfigurationDelegate.registerRepositoriesIn - Bootstrapping Spring Data repositories in DEFAULT mode.
21-03-2020 04:15:03.846 [restartedMain] INFO  o.s.d.r.c.RepositoryConfigurationDelegate.registerRepositoriesIn - Finished Spring Data repository scanning in 234ms. Found 15 repository interfaces.
21-03-2020 04:15:04.032 [restartedMain] INFO  o.s.c.s.PostProcessorRegistrationDelegate$BeanPostProcessorChecker.postProcessAfterInitialization - Bean 'org.springframework.transaction.annotation.ProxyTransactionManagementConfiguration' of type [org.springframework.transaction.annotation.ProxyTransactionManagementConfiguration$$EnhancerBySpringCGLIB$$33a08499] is not eligible for getting processed by all BeanPostProcessors (for example: not eligible for auto-proxying)
21-03-2020 04:15:04.041 [restartedMain] INFO  o.s.c.s.PostProcessorRegistrationDelegate$BeanPostProcessorChecker.postProcessAfterInitialization - Bean 'org.springframework.security.config.annotation.configuration.ObjectPostProcessorConfiguration' of type [org.springframework.security.config.annotation.configuration.ObjectPostProcessorConfiguration$$EnhancerBySpringCGLIB$$cc4e4cd3] is not eligible for getting processed by all BeanPostProcessors (for example: not eligible for auto-proxying)
21-03-2020 04:15:04.045 [restartedMain] INFO  o.s.c.s.PostProcessorRegistrationDelegate$BeanPostProcessorChecker.postProcessAfterInitialization - Bean 'objectPostProcessor' of type [org.springframework.security.config.annotation.configuration.AutowireBeanFactoryObjectPostProcessor] is not eligible for getting processed by all BeanPostProcessors (for example: not eligible for auto-proxying)
21-03-2020 04:15:04.047 [restartedMain] INFO  o.s.c.s.PostProcessorRegistrationDelegate$BeanPostProcessorChecker.postProcessAfterInitialization - Bean 'org.springframework.security.access.expression.method.DefaultMethodSecurityExpressionHandler@42edf699' of type [org.springframework.security.access.expression.method.DefaultMethodSecurityExpressionHandler] is not eligible for getting processed by all BeanPostProcessors (for example: not eligible for auto-proxying)
21-03-2020 04:15:04.052 [restartedMain] INFO  o.s.c.s.PostProcessorRegistrationDelegate$BeanPostProcessorChecker.postProcessAfterInitialization - Bean 'org.springframework.security.config.annotation.method.configuration.GlobalMethodSecurityConfiguration' of type [org.springframework.security.config.annotation.method.configuration.GlobalMethodSecurityConfiguration$$EnhancerBySpringCGLIB$$f122ef85] is not eligible for getting processed by all BeanPostProcessors (for example: not eligible for auto-proxying)
21-03-2020 04:15:04.057 [restartedMain] INFO  o.s.c.s.PostProcessorRegistrationDelegate$BeanPostProcessorChecker.postProcessAfterInitialization - Bean 'org.springframework.security.config.annotation.method.configuration.Jsr250MetadataSourceConfiguration' of type [org.springframework.security.config.annotation.method.configuration.Jsr250MetadataSourceConfiguration$$EnhancerBySpringCGLIB$$1678079b] is not eligible for getting processed by all BeanPostProcessors (for example: not eligible for auto-proxying)
21-03-2020 04:15:04.058 [restartedMain] INFO  o.s.c.s.PostProcessorRegistrationDelegate$BeanPostProcessorChecker.postProcessAfterInitialization - Bean 'jsr250MethodSecurityMetadataSource' of type [org.springframework.security.access.annotation.Jsr250MethodSecurityMetadataSource] is not eligible for getting processed by all BeanPostProcessors (for example: not eligible for auto-proxying)
21-03-2020 04:15:04.059 [restartedMain] INFO  o.s.c.s.PostProcessorRegistrationDelegate$BeanPostProcessorChecker.postProcessAfterInitialization - Bean 'methodSecurityMetadataSource' of type [org.springframework.security.access.method.DelegatingMethodSecurityMetadataSource] is not eligible for getting processed by all BeanPostProcessors (for example: not eligible for auto-proxying)
21-03-2020 04:15:04.064 [restartedMain] INFO  o.s.c.s.PostProcessorRegistrationDelegate$BeanPostProcessorChecker.postProcessAfterInitialization - Bean 'org.springframework.hateoas.config.HateoasConfiguration' of type [org.springframework.hateoas.config.HateoasConfiguration$$EnhancerBySpringCGLIB$$b320d1cb] is not eligible for getting processed by all BeanPostProcessors (for example: not eligible for auto-proxying)
21-03-2020 04:15:04.472 [restartedMain] INFO  o.s.b.w.e.tomcat.TomcatWebServer.initialize - Tomcat initialized with port(s): 8080 (http)
21-03-2020 04:15:04.475 [restartedMain] INFO  o.a.catalina.core.StandardService.log - Starting service [Tomcat]
21-03-2020 04:15:04.476 [restartedMain] INFO  o.a.catalina.core.StandardEngine.log - Starting Servlet engine: [Apache Tomcat/9.0.16]
21-03-2020 04:15:04.508 [restartedMain] INFO  o.a.c.c.C.[Tomcat].[localhost].[/].log - Initializing Spring embedded WebApplicationContext
21-03-2020 04:15:04.508 [restartedMain] INFO  o.s.web.context.ContextLoader.prepareWebApplicationContext - Root WebApplicationContext: initialization completed in 2230 ms
21-03-2020 04:15:04.917 [restartedMain] INFO  com.zaxxer.hikari.HikariDataSource.getConnection - HikariPool-2 - Starting...
21-03-2020 04:15:04.942 [restartedMain] INFO  com.zaxxer.hikari.HikariDataSource.getConnection - HikariPool-2 - Start completed.
21-03-2020 04:15:04.974 [restartedMain] INFO  o.h.jpa.internal.util.LogHelper.logPersistenceUnitInformation - HHH000204: Processing PersistenceUnitInfo [
	name: default
	...]
21-03-2020 04:15:05.053 [restartedMain] INFO  org.hibernate.dialect.Dialect.<init> - HHH000400: Using dialect: org.hibernate.dialect.MariaDBDialect
21-03-2020 04:15:05.650 [restartedMain] INFO  o.s.o.j.LocalContainerEntityManagerFactoryBean.buildNativeEntityManagerFactory - Initialized JPA EntityManagerFactory for persistence unit 'default'
21-03-2020 04:15:05.913 [restartedMain] INFO  o.s.b.d.a.OptionalLiveReloadServer.startServer - LiveReload server is running on port 35729
21-03-2020 04:15:06.435 [restartedMain] INFO  o.h.h.i.QueryTranslatorFactoryInitiator.initiateService - HHH000397: Using ASTQueryTranslatorFactory
21-03-2020 04:15:07.018 [restartedMain] WARN  o.s.b.a.o.j.JpaBaseConfiguration$JpaWebConfiguration$JpaWebMvcConfiguration.openEntityManagerInViewInterceptor - spring.jpa.open-in-view is enabled by default. Therefore, database queries may be performed during view rendering. Explicitly configure spring.jpa.open-in-view to disable this warning
21-03-2020 04:15:07.497 [restartedMain] INFO  s.d.s.w.PropertySourcedRequestMappingHandlerMapping.initHandlerMethods - Mapped URL path [/v2/api-docs] onto method [public org.springframework.http.ResponseEntity<springfox.documentation.spring.web.json.Json> springfox.documentation.swagger2.web.Swagger2Controller.getDocumentation(java.lang.String,javax.servlet.http.HttpServletRequest)]
21-03-2020 04:15:07.585 [restartedMain] INFO  o.s.s.web.DefaultSecurityFilterChain.<init> - Creating filter chain: any request, [org.springframework.security.web.context.request.async.WebAsyncManagerIntegrationFilter@15acf69e, org.springframework.security.web.context.SecurityContextPersistenceFilter@5d32f76e, org.springframework.security.web.header.HeaderWriterFilter@2350a74b, org.springframework.web.filter.CorsFilter@2b74d74, org.springframework.security.web.authentication.logout.LogoutFilter@5c1d03ec, com.aroha.pet.security.JwtAuthenticationFilter@9bc0805, org.springframework.security.web.savedrequest.RequestCacheAwareFilter@791671a4, org.springframework.security.web.servletapi.SecurityContextHolderAwareRequestFilter@5fdafb32, org.springframework.security.web.authentication.AnonymousAuthenticationFilter@2533dd5f, org.springframework.security.web.session.SessionManagementFilter@42782792, org.springframework.security.web.access.ExceptionTranslationFilter@5caf15f1, org.springframework.security.web.access.intercept.FilterSecurityInterceptor@2e71c436]
21-03-2020 04:15:07.695 [restartedMain] INFO  o.s.s.c.ThreadPoolTaskExecutor.initialize - Initializing ExecutorService 'applicationTaskExecutor'
21-03-2020 04:15:08.009 [restartedMain] INFO  s.d.s.w.p.DocumentationPluginsBootstrapper.start - Context refreshed
21-03-2020 04:15:08.012 [restartedMain] INFO  s.d.s.w.p.DocumentationPluginsBootstrapper.start - Found 1 custom documentation plugin(s)
21-03-2020 04:15:08.026 [restartedMain] INFO  s.d.s.w.s.ApiListingReferenceScanner.scan - Scanning for api listing references
21-03-2020 04:15:08.494 [restartedMain] INFO  o.s.b.w.e.tomcat.TomcatWebServer.start - Tomcat started on port(s): 8080 (http) with context path ''
21-03-2020 04:15:08.497 [restartedMain] INFO  com.aroha.pet.PetApplication.logStarted - Started PetApplication in 6.276 seconds (JVM running for 146.078)
21-03-2020 04:15:08.504 [restartedMain] INFO  o.s.b.d.a.ConditionEvaluationDeltaLoggingListener.onApplicationEvent - Condition evaluation unchanged
21-03-2020 04:15:16.599 [http-nio-8080-exec-2] INFO  o.a.c.c.C.[Tomcat].[localhost].[/].log - Initializing Spring DispatcherServlet 'dispatcherServlet'
21-03-2020 04:15:16.604 [http-nio-8080-exec-2] INFO  o.s.web.servlet.DispatcherServlet.initServletBean - Initializing Servlet 'dispatcherServlet'
21-03-2020 04:15:16.616 [http-nio-8080-exec-2] INFO  o.s.web.servlet.DispatcherServlet.initServletBean - Completed initialization in 11 ms
21-03-2020 04:15:16.644 [http-nio-8080-exec-2] DEBUG org.hibernate.SQL.logStatement - 
    select
        user0_.id as id1_13_0_,
        user0_.created_at as created_2_13_0_,
        user0_.updated_at as updated_3_13_0_,
        user0_.address as address4_13_0_,
        user0_.alt_phone_no as alt_phon5_13_0_,
        user0_.date_of_join as date_of_6_13_0_,
        user0_.email as email7_13_0_,
        user0_.name as name8_13_0_,
        user0_.password as password9_13_0_,
        user0_.phone_no as phone_n10_13_0_,
        user0_.primary_skills as primary11_13_0_,
        user0_.secondary_skills as seconda12_13_0_,
        user0_.soe as soe13_13_0_,
        user0_.soe_ref as soe_ref14_13_0_ 
    from
        users user0_ 
    where
        user0_.id=?
21-03-2020 04:15:16.649 [http-nio-8080-exec-2] DEBUG org.hibernate.SQL.logStatement - 
    select
        roles0_.user_id as user_id1_12_0_,
        roles0_.role_id as role_id2_12_0_,
        role1_.id as id1_10_1_,
        role1_.name as name2_10_1_ 
    from
        user_roles roles0_ 
    inner join
        roles role1_ 
            on roles0_.role_id=role1_.id 
    where
        roles0_.user_id=?
21-03-2020 04:15:20.730 [http-nio-8080-exec-2] DEBUG org.hibernate.SQL.logStatement - 
    insert 
    into
        cpojo
        (created_at, created_by, cstr, exceptionstr, question_id, resultstr, scenario) 
    values
        (?, ?, ?, ?, ?, ?, ?)
21-03-2020 04:18:44.672 [Thread-10] INFO  o.s.s.c.ThreadPoolTaskExecutor.shutdown - Shutting down ExecutorService 'applicationTaskExecutor'
21-03-2020 04:18:44.684 [Thread-10] INFO  o.s.o.j.LocalContainerEntityManagerFactoryBean.destroy - Closing JPA EntityManagerFactory for persistence unit 'default'
21-03-2020 04:18:44.685 [Thread-10] INFO  com.zaxxer.hikari.HikariDataSource.close - HikariPool-2 - Shutdown initiated...
21-03-2020 04:18:44.700 [Thread-10] INFO  com.zaxxer.hikari.HikariDataSource.close - HikariPool-2 - Shutdown completed.
21-03-2020 04:18:45.755 [restartedMain] INFO  com.aroha.pet.PetApplication.logStarting - Starting PetApplication on DESKTOP-1LB2F5E with PID 14104 (D:\eclipse-workspace-aroha7\pet-app-jpa\target\classes started by chetan Belagali in D:\eclipse-workspace-aroha7\pet-app-jpa)
21-03-2020 04:18:45.756 [restartedMain] INFO  com.aroha.pet.PetApplication.logStartupProfileInfo - No active profile set, falling back to default profiles: default
21-03-2020 04:18:47.158 [restartedMain] INFO  o.s.d.r.c.RepositoryConfigurationDelegate.registerRepositoriesIn - Bootstrapping Spring Data repositories in DEFAULT mode.
21-03-2020 04:18:47.266 [restartedMain] INFO  o.s.d.r.c.RepositoryConfigurationDelegate.registerRepositoriesIn - Finished Spring Data repository scanning in 106ms. Found 15 repository interfaces.
21-03-2020 04:18:47.503 [restartedMain] INFO  o.s.c.s.PostProcessorRegistrationDelegate$BeanPostProcessorChecker.postProcessAfterInitialization - Bean 'org.springframework.transaction.annotation.ProxyTransactionManagementConfiguration' of type [org.springframework.transaction.annotation.ProxyTransactionManagementConfiguration$$EnhancerBySpringCGLIB$$33a08499] is not eligible for getting processed by all BeanPostProcessors (for example: not eligible for auto-proxying)
21-03-2020 04:18:47.514 [restartedMain] INFO  o.s.c.s.PostProcessorRegistrationDelegate$BeanPostProcessorChecker.postProcessAfterInitialization - Bean 'org.springframework.security.config.annotation.configuration.ObjectPostProcessorConfiguration' of type [org.springframework.security.config.annotation.configuration.ObjectPostProcessorConfiguration$$EnhancerBySpringCGLIB$$cc4e4cd3] is not eligible for getting processed by all BeanPostProcessors (for example: not eligible for auto-proxying)
21-03-2020 04:18:47.518 [restartedMain] INFO  o.s.c.s.PostProcessorRegistrationDelegate$BeanPostProcessorChecker.postProcessAfterInitialization - Bean 'objectPostProcessor' of type [org.springframework.security.config.annotation.configuration.AutowireBeanFactoryObjectPostProcessor] is not eligible for getting processed by all BeanPostProcessors (for example: not eligible for auto-proxying)
21-03-2020 04:18:47.519 [restartedMain] INFO  o.s.c.s.PostProcessorRegistrationDelegate$BeanPostProcessorChecker.postProcessAfterInitialization - Bean 'org.springframework.security.access.expression.method.DefaultMethodSecurityExpressionHandler@7f05da8b' of type [org.springframework.security.access.expression.method.DefaultMethodSecurityExpressionHandler] is not eligible for getting processed by all BeanPostProcessors (for example: not eligible for auto-proxying)
21-03-2020 04:18:47.524 [restartedMain] INFO  o.s.c.s.PostProcessorRegistrationDelegate$BeanPostProcessorChecker.postProcessAfterInitialization - Bean 'org.springframework.security.config.annotation.method.configuration.GlobalMethodSecurityConfiguration' of type [org.springframework.security.config.annotation.method.configuration.GlobalMethodSecurityConfiguration$$EnhancerBySpringCGLIB$$f122ef85] is not eligible for getting processed by all BeanPostProcessors (for example: not eligible for auto-proxying)
21-03-2020 04:18:47.529 [restartedMain] INFO  o.s.c.s.PostProcessorRegistrationDelegate$BeanPostProcessorChecker.postProcessAfterInitialization - Bean 'org.springframework.security.config.annotation.method.configuration.Jsr250MetadataSourceConfiguration' of type [org.springframework.security.config.annotation.method.configuration.Jsr250MetadataSourceConfiguration$$EnhancerBySpringCGLIB$$1678079b] is not eligible for getting processed by all BeanPostProcessors (for example: not eligible for auto-proxying)
21-03-2020 04:18:47.532 [restartedMain] INFO  o.s.c.s.PostProcessorRegistrationDelegate$BeanPostProcessorChecker.postProcessAfterInitialization - Bean 'jsr250MethodSecurityMetadataSource' of type [org.springframework.security.access.annotation.Jsr250MethodSecurityMetadataSource] is not eligible for getting processed by all BeanPostProcessors (for example: not eligible for auto-proxying)
21-03-2020 04:18:47.537 [restartedMain] INFO  o.s.c.s.PostProcessorRegistrationDelegate$BeanPostProcessorChecker.postProcessAfterInitialization - Bean 'methodSecurityMetadataSource' of type [org.springframework.security.access.method.DelegatingMethodSecurityMetadataSource] is not eligible for getting processed by all BeanPostProcessors (for example: not eligible for auto-proxying)
21-03-2020 04:18:47.543 [restartedMain] INFO  o.s.c.s.PostProcessorRegistrationDelegate$BeanPostProcessorChecker.postProcessAfterInitialization - Bean 'org.springframework.hateoas.config.HateoasConfiguration' of type [org.springframework.hateoas.config.HateoasConfiguration$$EnhancerBySpringCGLIB$$b320d1cb] is not eligible for getting processed by all BeanPostProcessors (for example: not eligible for auto-proxying)
21-03-2020 04:18:48.016 [restartedMain] INFO  o.s.b.w.e.tomcat.TomcatWebServer.initialize - Tomcat initialized with port(s): 8080 (http)
21-03-2020 04:18:48.018 [restartedMain] INFO  o.a.catalina.core.StandardService.log - Starting service [Tomcat]
21-03-2020 04:18:48.019 [restartedMain] INFO  o.a.catalina.core.StandardEngine.log - Starting Servlet engine: [Apache Tomcat/9.0.16]
21-03-2020 04:18:48.048 [restartedMain] INFO  o.a.c.c.C.[Tomcat].[localhost].[/].log - Initializing Spring embedded WebApplicationContext
21-03-2020 04:18:48.048 [restartedMain] INFO  o.s.web.context.ContextLoader.prepareWebApplicationContext - Root WebApplicationContext: initialization completed in 2288 ms
21-03-2020 04:18:48.406 [restartedMain] INFO  com.zaxxer.hikari.HikariDataSource.getConnection - HikariPool-3 - Starting...
21-03-2020 04:18:48.412 [restartedMain] INFO  com.zaxxer.hikari.HikariDataSource.getConnection - HikariPool-3 - Start completed.
21-03-2020 04:18:48.441 [restartedMain] INFO  o.h.jpa.internal.util.LogHelper.logPersistenceUnitInformation - HHH000204: Processing PersistenceUnitInfo [
	name: default
	...]
21-03-2020 04:18:48.483 [restartedMain] INFO  org.hibernate.dialect.Dialect.<init> - HHH000400: Using dialect: org.hibernate.dialect.MariaDBDialect
21-03-2020 04:18:49.634 [restartedMain] INFO  o.s.o.j.LocalContainerEntityManagerFactoryBean.buildNativeEntityManagerFactory - Initialized JPA EntityManagerFactory for persistence unit 'default'
21-03-2020 04:18:49.880 [restartedMain] INFO  o.s.b.d.a.OptionalLiveReloadServer.startServer - LiveReload server is running on port 35729
21-03-2020 04:18:50.314 [restartedMain] INFO  o.h.h.i.QueryTranslatorFactoryInitiator.initiateService - HHH000397: Using ASTQueryTranslatorFactory
21-03-2020 04:18:51.239 [restartedMain] WARN  o.s.b.a.o.j.JpaBaseConfiguration$JpaWebConfiguration$JpaWebMvcConfiguration.openEntityManagerInViewInterceptor - spring.jpa.open-in-view is enabled by default. Therefore, database queries may be performed during view rendering. Explicitly configure spring.jpa.open-in-view to disable this warning
21-03-2020 04:18:51.709 [restartedMain] INFO  s.d.s.w.PropertySourcedRequestMappingHandlerMapping.initHandlerMethods - Mapped URL path [/v2/api-docs] onto method [public org.springframework.http.ResponseEntity<springfox.documentation.spring.web.json.Json> springfox.documentation.swagger2.web.Swagger2Controller.getDocumentation(java.lang.String,javax.servlet.http.HttpServletRequest)]
21-03-2020 04:18:51.837 [restartedMain] INFO  o.s.s.web.DefaultSecurityFilterChain.<init> - Creating filter chain: any request, [org.springframework.security.web.context.request.async.WebAsyncManagerIntegrationFilter@595a43d, org.springframework.security.web.context.SecurityContextPersistenceFilter@37c79acd, org.springframework.security.web.header.HeaderWriterFilter@c4a46e7, org.springframework.web.filter.CorsFilter@505bd85f, org.springframework.security.web.authentication.logout.LogoutFilter@3f1f1057, com.aroha.pet.security.JwtAuthenticationFilter@635df533, org.springframework.security.web.savedrequest.RequestCacheAwareFilter@743709a2, org.springframework.security.web.servletapi.SecurityContextHolderAwareRequestFilter@2a9414bd, org.springframework.security.web.authentication.AnonymousAuthenticationFilter@2040c660, org.springframework.security.web.session.SessionManagementFilter@c2327a7, org.springframework.security.web.access.ExceptionTranslationFilter@52422e31, org.springframework.security.web.access.intercept.FilterSecurityInterceptor@6d027dd8]
21-03-2020 04:18:52.008 [restartedMain] INFO  o.s.s.c.ThreadPoolTaskExecutor.initialize - Initializing ExecutorService 'applicationTaskExecutor'
21-03-2020 04:18:52.505 [restartedMain] INFO  s.d.s.w.p.DocumentationPluginsBootstrapper.start - Context refreshed
21-03-2020 04:18:52.508 [restartedMain] INFO  s.d.s.w.p.DocumentationPluginsBootstrapper.start - Found 1 custom documentation plugin(s)
21-03-2020 04:18:52.521 [restartedMain] INFO  s.d.s.w.s.ApiListingReferenceScanner.scan - Scanning for api listing references
21-03-2020 04:18:53.029 [restartedMain] INFO  o.s.b.w.e.tomcat.TomcatWebServer.start - Tomcat started on port(s): 8080 (http) with context path ''
21-03-2020 04:18:53.031 [restartedMain] INFO  com.aroha.pet.PetApplication.logStarted - Started PetApplication in 7.327 seconds (JVM running for 370.612)
21-03-2020 04:18:53.039 [restartedMain] INFO  o.s.b.d.a.ConditionEvaluationDeltaLoggingListener.onApplicationEvent - Condition evaluation unchanged
